0 info it worked if it ends with ok
1 verbose cli [ '/usr/local/bin/node',
1 verbose cli   '/usr/local/bin/npm',
1 verbose cli   'install',
1 verbose cli   '-g',
1 verbose cli   'grunt-camelize' ]
2 info using npm@1.3.17
3 info using node@v0.10.23
4 verbose node symlink /usr/local/bin/node
5 verbose cache add [ 'grunt-camelize', null ]
6 verbose cache add name=undefined spec="grunt-camelize" args=["grunt-camelize",null]
7 verbose parsed url { protocol: null,
7 verbose parsed url   slashes: null,
7 verbose parsed url   auth: null,
7 verbose parsed url   host: null,
7 verbose parsed url   port: null,
7 verbose parsed url   hostname: null,
7 verbose parsed url   hash: null,
7 verbose parsed url   search: null,
7 verbose parsed url   query: null,
7 verbose parsed url   pathname: 'grunt-camelize',
7 verbose parsed url   path: 'grunt-camelize',
7 verbose parsed url   href: 'grunt-camelize' }
8 silly lockFile e9dbf76d-grunt-camelize grunt-camelize
9 verbose lock grunt-camelize /Users/lucasvogel/.npm/e9dbf76d-grunt-camelize.lock
10 silly lockFile e9dbf76d-grunt-camelize grunt-camelize
11 silly lockFile e9dbf76d-grunt-camelize grunt-camelize
12 verbose addNamed [ 'grunt-camelize', '' ]
13 verbose addNamed [ null, '*' ]
14 silly lockFile 0eafe814-grunt-camelize grunt-camelize@
15 verbose lock grunt-camelize@ /Users/lucasvogel/.npm/0eafe814-grunt-camelize.lock
16 silly addNameRange { name: 'grunt-camelize', range: '*', hasData: false }
17 verbose url raw grunt-camelize
18 verbose url resolving [ 'https://registry.npmjs.org/', './grunt-camelize' ]
19 verbose url resolved https://registry.npmjs.org/grunt-camelize
20 info trying registry request attempt 1 at 22:41:22
21 http GET https://registry.npmjs.org/grunt-camelize
22 http 404 https://registry.npmjs.org/grunt-camelize
23 silly registry.get cb [ 404,
23 silly registry.get   { date: 'Sun, 20 Jul 2014 20:41:24 GMT',
23 silly registry.get     server: 'CouchDB/1.5.0 (Erlang OTP/R16B03)',
23 silly registry.get     'content-type': 'application/json',
23 silly registry.get     'cache-control': 'max-age=0',
23 silly registry.get     'content-length': '52',
23 silly registry.get     'accept-ranges': 'bytes',
23 silly registry.get     via: '1.1 varnish',
23 silly registry.get     age: '0',
23 silly registry.get     'x-served-by': 'cache-ams4131-AMS',
23 silly registry.get     'x-cache': 'MISS',
23 silly registry.get     'x-cache-hits': '0',
23 silly registry.get     'x-timer': 'S1405888883.721037,VS0,VE662',
23 silly registry.get     'keep-alive': 'timeout=10, max=50',
23 silly registry.get     connection: 'Keep-Alive' } ]
24 silly lockFile 0eafe814-grunt-camelize grunt-camelize@
25 silly lockFile 0eafe814-grunt-camelize grunt-camelize@
26 error 404 'grunt-camelize' is not in the npm registry.
26 error 404 You should bug the author to publish it
26 error 404
26 error 404 Note that you can also install from a
26 error 404 tarball, folder, or http url, or git url.
27 error System Darwin 13.3.0
28 error command "/usr/local/bin/node" "/usr/local/bin/npm" "install" "-g" "grunt-camelize"
29 error cwd /Applications/MAMP/htdocs/vogelifix
30 error node -v v0.10.23
31 error npm -v 1.3.17
32 error code E404
33 verbose exit [ 1, true ]
